  queue.cpp
C:\Users\artis\MusicPlayer\MusicPlayer\queue.cpp(7,10): error C2039: 'string': is not a member of 'std'
C:\Users\artis\MusicPlayer\MusicPlayer\predefined C++ types (compiler internal)(342,11): message : see declaration of 'std'
C:\Users\artis\MusicPlayer\MusicPlayer\queue.cpp(7,16): error C2143: syntax error: missing ';' before '*'
C:\Users\artis\MusicPlayer\MusicPlayer\queue.cpp(7,16): error C4430: missing type specifier - int assumed. Note: C++ does not support default-int
C:\Users\artis\MusicPlayer\MusicPlayer\queue.cpp(7,23): error C2238: unexpected token(s) preceding ';'
C:\Users\artis\MusicPlayer\MusicPlayer\queue.cpp(15,19): error C2039: 'string': is not a member of 'std'
C:\Users\artis\MusicPlayer\MusicPlayer\predefined C++ types (compiler internal)(342,11): message : see declaration of 'std'
C:\Users\artis\MusicPlayer\MusicPlayer\queue.cpp(15,26): error C2061: syntax error: identifier 'string'
C:\Users\artis\MusicPlayer\MusicPlayer\queue.cpp(24,10): error C2039: 'string': is not a member of 'std'
C:\Users\artis\MusicPlayer\MusicPlayer\predefined C++ types (compiler internal)(342,11): message : see declaration of 'std'
C:\Users\artis\MusicPlayer\MusicPlayer\queue.cpp(24,17): error C3646: 'remove': unknown override specifier
C:\Users\artis\MusicPlayer\MusicPlayer\queue.cpp(24,23): error C2059: syntax error: '('
C:\Users\artis\MusicPlayer\MusicPlayer\queue.cpp(24,26): error C2334: unexpected token(s) preceding '{'; skipping apparent function body
C:\Users\artis\MusicPlayer\MusicPlayer\queue.cpp(32,10): error C2039: 'string': is not a member of 'std'
C:\Users\artis\MusicPlayer\MusicPlayer\predefined C++ types (compiler internal)(342,11): message : see declaration of 'std'
C:\Users\artis\MusicPlayer\MusicPlayer\queue.cpp(32,17): error C3646: 'last': unknown override specifier
C:\Users\artis\MusicPlayer\MusicPlayer\queue.cpp(32,21): error C2059: syntax error: '('
C:\Users\artis\MusicPlayer\MusicPlayer\queue.cpp(33,5): error C2334: unexpected token(s) preceding '{'; skipping apparent function body
C:\Users\artis\MusicPlayer\MusicPlayer\queue.cpp(40,10): error C2039: 'string': is not a member of 'std'
C:\Users\artis\MusicPlayer\MusicPlayer\predefined C++ types (compiler internal)(342,11): message : see declaration of 'std'
C:\Users\artis\MusicPlayer\MusicPlayer\queue.cpp(40,17): error C3646: 'start': unknown override specifier
C:\Users\artis\MusicPlayer\MusicPlayer\queue.cpp(40,22): error C2059: syntax error: '('
C:\Users\artis\MusicPlayer\MusicPlayer\queue.cpp(41,5): error C2334: unexpected token(s) preceding '{'; skipping apparent function body
C:\Users\artis\MusicPlayer\MusicPlayer\queue.cpp(13,9): error C2065: 'array': undeclared identifier
C:\Users\artis\MusicPlayer\MusicPlayer\queue.cpp(13,26): error C2039: 'string': is not a member of 'std'
C:\Users\artis\MusicPlayer\MusicPlayer\predefined C++ types (compiler internal)(342,11): message : see declaration of 'std'
C:\Users\artis\MusicPlayer\MusicPlayer\queue.cpp(13,1): error C2061: syntax error: identifier 'string'
C:\Users\artis\MusicPlayer\MusicPlayer\queue.cpp(19,18): error C2039: 'cout': is not a member of 'std'
C:\Users\artis\MusicPlayer\MusicPlayer\predefined C++ types (compiler internal)(342,11): message : see declaration of 'std'
C:\Users\artis\MusicPlayer\MusicPlayer\queue.cpp(19,1): error C2065: 'cout': undeclared identifier
C:\Users\artis\MusicPlayer\MusicPlayer\queue.cpp(19,50): error C2039: 'endl': is not a member of 'std'
C:\Users\artis\MusicPlayer\MusicPlayer\predefined C++ types (compiler internal)(342,11): message : see declaration of 'std'
C:\Users\artis\MusicPlayer\MusicPlayer\queue.cpp(19,1): error C2065: 'endl': undeclared identifier
C:\Users\artis\MusicPlayer\MusicPlayer\queue.cpp(22,9): error C2065: 'array': undeclared identifier
C:\Users\artis\MusicPlayer\MusicPlayer\queue.cpp(22,25): error C2065: 'x': undeclared identifier
